SF:lib/main.dart
DA:22,3
DA:28,0
DA:29,0
DA:30,0
DA:31,0
DA:35,0
DA:37,0
DA:39,0
DA:40,0
DA:42,0
DA:44,0
DA:45,0
DA:46,0
DA:47,0
DA:50,0
DA:51,0
DA:53,0
DA:56,0
DA:57,0
DA:59,0
DA:62,0
DA:73,3
DA:75,1
DA:78,1
DA:80,1
DA:81,2
DA:82,1
DA:83,1
DA:84,1
DA:86,0
DA:87,0
DA:89,0
DA:90,0
DA:100,1
DA:102,0
DA:105,0
DA:107,0
DA:108,0
DA:111,0
DA:120,1
DA:121,1
DA:123,0
DA:124,0
DA:126,0
DA:127,0
DA:132,1
DA:133,1
DA:135,1
DA:136,1
DA:138,2
DA:147,1
DA:148,1
DA:149,1
DA:151,2
DA:160,1
DA:162,1
DA:163,0
DA:164,0
DA:166,0
DA:167,0
DA:180,0
DA:182,0
DA:185,0
DA:187,0
DA:188,0
DA:189,0
DA:190,0
DA:191,0
DA:192,0
DA:195,0
DA:197,0
DA:198,0
DA:201,0
DA:210,0
DA:211,0
DA:212,0
DA:213,0
DA:215,0
DA:216,0
DA:221,0
DA:222,0
DA:223,0
DA:224,0
DA:226,0
DA:234,0
DA:235,0
DA:236,0
DA:238,0
DA:247,0
DA:248,0
DA:249,0
DA:250,0
DA:252,0
DA:253,0
DA:266,1
DA:268,1
DA:271,1
DA:273,1
DA:274,2
DA:275,1
DA:276,1
DA:278,1
DA:279,0
DA:280,0
DA:282,0
DA:283,0
DA:292,1
DA:294,1
DA:296,0
DA:300,1
DA:303,1
DA:309,1
DA:311,1
DA:318,1
DA:320,0
DA:321,0
DA:323,0
DA:332,0
DA:333,0
DA:334,0
DA:335,0
DA:336,0
DA:342,0
DA:343,0
DA:344,0
DA:345,0
DA:348,0
DA:349,0
DA:354,0
DA:355,0
DA:356,0
DA:357,0
DA:358,0
DA:359,0
DA:360,0
DA:367,0
DA:368,0
DA:369,0
DA:370,0
DA:371,0
DA:372,0
DA:373,0
DA:379,0
DA:381,0
DA:382,0
DA:383,0
DA:384,0
DA:385,0
DA:386,0
DA:387,0
DA:389,0
DA:390,0
DA:392,0
DA:394,0
DA:396,0
DA:397,0
DA:398,0
DA:399,0
DA:401,0
DA:417,3
DA:419,1
DA:421,1
DA:422,1
DA:423,1
DA:424,1
DA:485,1
DA:487,1
DA:488,1
DA:498,1
DA:500,1
DA:502,1
DA:504,1
DA:506,1
DA:507,1
DA:509,1
DA:517,1
DA:519,1
DA:527,1
DA:529,1
DA:537,1
DA:539,0
DA:540,0
DA:542,0
DA:543,0
DA:544,0
DA:546,0
DA:547,0
DA:550,0
DA:552,0
DA:553,0
DA:560,0
DA:561,0
DA:565,0
DA:571,1
DA:572,0
DA:573,0
DA:575,0
DA:576,0
DA:591,2
DA:593,1
DA:594,1
DA:602,1
DA:604,1
DA:605,1
DA:610,1
DA:611,1
DA:612,0
DA:613,0
DA:614,0
DA:618,0
DA:619,0
DA:620,0
DA:624,1
DA:626,1
DA:628,1
DA:630,1
DA:632,1
DA:633,1
DA:635,1
DA:643,1
DA:645,1
DA:653,1
DA:654,1
DA:655,1
DA:656,1
DA:657,0
DA:658,0
DA:659,0
DA:667,1
DA:669,0
DA:671,0
DA:672,0
DA:673,0
DA:675,0
DA:677,0
DA:679,0
DA:681,0
DA:682,0
DA:688,0
DA:689,0
DA:696,1
DA:697,0
DA:698,0
DA:700,0
DA:701,0
DA:714,0
DA:715,0
DA:716,0
DA:720,0
DA:721,0
DA:722,0
DA:724,0
DA:731,0
DA:733,0
DA:735,0
DA:736,0
DA:737,0
DA:738,0
DA:739,0
DA:740,0
DA:741,0
DA:742,0
DA:743,0
DA:744,0
DA:749,0
DA:756,2
DA:758,0
DA:759,0
DA:764,0
DA:766,0
DA:767,0
DA:768,0
DA:770,0
DA:772,0
DA:779,0
DA:780,0
DA:782,0
DA:784,0
DA:785,0
DA:787,0
DA:788,0
DA:791,0
DA:792,0
DA:793,0
DA:797,0
DA:800,0
DA:803,0
DA:805,0
DA:806,0
DA:807,0
DA:808,0
DA:811,0
DA:812,0
DA:813,0
DA:814,0
DA:816,0
DA:817,0
DA:820,0
DA:821,0
DA:825,0
DA:828,0
DA:829,0
DA:832,0
DA:837,0
DA:839,0
DA:840,0
DA:841,0
DA:843,0
LF:308
LH:84
end_of_record
SF:lib/widgets/topRatedMovies.dart
DA:8,1
DA:10,1
DA:12,1
DA:14,1
DA:16,1
DA:23,1
DA:25,1
DA:27,2
DA:28,0
DA:29,0
DA:30,0
DA:31,0
DA:33,0
DA:34,0
DA:35,0
DA:37,0
DA:39,0
DA:40,0
DA:41,0
DA:42,0
DA:45,0
DA:47,0
DA:48,0
DA:49,0
DA:50,0
DA:51,0
DA:52,0
DA:53,0
DA:59,0
DA:62,0
LF:30
LH:8
end_of_record
SF:lib/widgets/trending.dart
DA:9,1
DA:11,1
DA:13,1
DA:15,1
DA:17,1
DA:24,1
DA:26,1
DA:28,2
DA:29,0
DA:30,0
DA:31,0
DA:32,0
DA:34,0
DA:35,0
DA:36,0
DA:38,0
DA:40,0
DA:41,0
DA:42,0
DA:43,0
DA:46,0
DA:48,0
DA:49,0
DA:50,0
DA:51,0
DA:52,0
DA:53,0
DA:54,0
DA:60,0
DA:63,0
LF:30
LH:8
end_of_record
SF:lib/widgets/tv.dart
DA:8,2
DA:10,1
DA:12,1
DA:14,1
DA:16,1
DA:23,1
DA:25,1
DA:27,2
DA:28,0
DA:30,0
DA:31,0
DA:32,0
DA:34,0
DA:35,0
DA:36,0
DA:38,0
DA:40,0
DA:41,0
DA:42,0
DA:43,0
DA:46,0
DA:48,0
DA:49,0
DA:50,0
DA:51,0
DA:52,0
DA:53,0
DA:54,0
DA:60,0
DA:63,0
LF:30
LH:8
end_of_record
SF:lib/description.dart
DA:16,1
DA:23,1
DA:34,1
DA:35,1
DA:42,1
DA:44,2
DA:45,1
DA:48,1
DA:50,1
DA:51,1
DA:53,1
DA:54,1
DA:55,1
DA:57,1
DA:58,1
DA:59,1
DA:60,1
DA:62,3
DA:63,1
DA:64,2
DA:69,1
DA:71,1
DA:72,7
DA:80,1
DA:82,1
DA:83,1
DA:84,1
DA:85,1
DA:86,2
DA:88,1
DA:89,1
DA:90,2
DA:96,0
DA:98,0
DA:99,0
DA:100,0
DA:102,0
DA:103,0
DA:106,0
DA:107,0
DA:108,0
DA:109,0
DA:110,0
DA:111,0
DA:112,0
DA:116,0
DA:118,0
DA:119,0
DA:122,0
DA:123,0
DA:124,0
DA:125,0
DA:127,0
DA:128,0
DA:131,0
DA:132,0
DA:136,0
DA:139,0
DA:140,0
DA:143,0
DA:147,0
DA:151,0
DA:153,0
DA:154,0
DA:157,0
DA:167,1
DA:169,1
DA:170,3
DA:173,1
DA:174,1
DA:175,1
DA:178,3
DA:180,1
DA:181,1
DA:183,1
DA:184,2
DA:191,1
DA:193,1
DA:195,1
DA:198,1
DA:199,1
DA:208,1
DA:209,1
DA:210,0
DA:211,0
DA:212,0
DA:218,2
DA:221,1
DA:222,0
DA:224,0
DA:225,0
DA:226,0
DA:228,0
DA:229,0
DA:230,0
DA:231,0
DA:234,0
DA:236,0
DA:237,0
DA:240,0
DA:250,1
DA:252,1
DA:253,4
DA:254,0
DA:255,0
DA:257,0
DA:258,0
DA:259,0
DA:261,0
DA:262,0
DA:264,0
DA:265,0
DA:270,0
DA:271,0
DA:272,0
DA:273,0
DA:274,0
DA:279,0
DA:280,0
DA:285,0
DA:286,0
DA:287,0
LF:122
LH:55
end_of_record
SF:lib/utils/text.dart
DA:9,4
DA:11,1
DA:13,1
DA:14,2
DA:15,2
LF:5
LH:5
end_of_record
SF:lib/models/favoriteMovies.dart
DA:5,0
LF:1
LH:0
end_of_record
SF:lib/firebase_options.dart
DA:18,0
DA:22,0
DA:23,0
DA:25,0
DA:27,0
DA:29,0
DA:30,0
DA:34,0
DA:35,0
DA:40,0
LF:10
LH:0
end_of_record
SF:lib/utils/auth.dart
DA:6,0
DA:8,0
DA:10,0
DA:14,0
DA:18,0
DA:22,0
DA:25,0
DA:26,0
LF:8
LH:0
end_of_record
